0 info it worked if it ends with ok
1 verbose cli [ '/usr/bin/nodejs',
1 verbose cli   '/usr/bin/npm',
1 verbose cli   'install',
1 verbose cli   '-g',
1 verbose cli   'browser-sync' ]
2 info using npm@2.15.9
3 info using node@v4.5.0
4 verbose install initial load of /usr/lib/package.json
5 verbose readDependencies loading dependencies from /usr/lib/package.json
6 silly cache add args [ 'browser-sync', null ]
7 verbose cache add spec browser-sync
8 silly cache add parsed spec Result {
8 silly cache add   raw: 'browser-sync',
8 silly cache add   scope: null,
8 silly cache add   name: 'browser-sync',
8 silly cache add   rawSpec: '',
8 silly cache add   spec: 'latest',
8 silly cache add   type: 'tag' }
9 silly addNamed browser-sync@latest
10 verbose addNamed "latest" is being treated as a dist-tag for browser-sync
11 info addNameTag [ 'browser-sync', 'latest' ]
12 silly mapToRegistry name browser-sync
13 silly mapToRegistry using default registry
14 silly mapToRegistry registry https://registry.npmjs.org/
15 silly mapToRegistry data Result {
15 silly mapToRegistry   raw: 'browser-sync',
15 silly mapToRegistry   scope: null,
15 silly mapToRegistry   name: 'browser-sync',
15 silly mapToRegistry   rawSpec: '',
15 silly mapToRegistry   spec: 'latest',
15 silly mapToRegistry   type: 'tag' }
16 silly mapToRegistry uri https://registry.npmjs.org/browser-sync
17 verbose addNameTag registry:https://registry.npmjs.org/browser-sync not in flight; fetching
18 verbose request uri https://registry.npmjs.org/browser-sync
19 verbose request no auth needed
20 info attempt registry request try #1 at 1:26:18 AM
21 verbose request id bc288072c64fd13d
22 verbose etag "7985HZ16H63JPGJ0ETS7LZOLR"
23 http request GET https://registry.npmjs.org/browser-sync
24 http 304 https://registry.npmjs.org/browser-sync
25 verbose headers { date: 'Thu, 08 Sep 2016 19:56:19 GMT',
25 verbose headers   via: '1.1 varnish',
25 verbose headers   'cache-control': 'max-age=300',
25 verbose headers   etag: '"7985HZ16H63JPGJ0ETS7LZOLR"',
25 verbose headers   age: '123',
25 verbose headers   connection: 'keep-alive',
25 verbose headers   'x-served-by': 'cache-sin6923-SIN',
25 verbose headers   'x-cache': 'HIT',
25 verbose headers   'x-cache-hits': '2',
25 verbose headers   'x-timer': 'S1473364579.680793,VS0,VE0',
25 verbose headers   vary: 'Accept-Encoding' }
26 silly get cb [ 304,
26 silly get   { date: 'Thu, 08 Sep 2016 19:56:19 GMT',
26 silly get     via: '1.1 varnish',
26 silly get     'cache-control': 'max-age=300',
26 silly get     etag: '"7985HZ16H63JPGJ0ETS7LZOLR"',
26 silly get     age: '123',
26 silly get     connection: 'keep-alive',
26 silly get     'x-served-by': 'cache-sin6923-SIN',
26 silly get     'x-cache': 'HIT',
26 silly get     'x-cache-hits': '2',
26 silly get     'x-timer': 'S1473364579.680793,VS0,VE0',
26 silly get     vary: 'Accept-Encoding' } ]
27 verbose etag https://registry.npmjs.org/browser-sync from cache
28 verbose get saving browser-sync to /home/chhaya/.npm/registry.npmjs.org/browser-sync/.cache.json
29 verbose correctMkdir /home/chhaya/.npm correctMkdir not in flight; initializing
30 silly addNameTag next cb for browser-sync with tag latest
31 silly addNamed browser-sync@2.15.0
32 verbose addNamed "2.15.0" is a plain semver version for browser-sync
33 silly cache afterAdd browser-sync@2.15.0
34 verbose afterAdd /home/chhaya/.npm/browser-sync/2.15.0/package/package.json not in flight; writing
35 verbose correctMkdir /home/chhaya/.npm correctMkdir not in flight; initializing
36 verbose afterAdd /home/chhaya/.npm/browser-sync/2.15.0/package/package.json written
37 silly install resolved [ { name: 'browser-sync',
37 silly install resolved     description: 'Live CSS Reload & Browser Syncing',
37 silly install resolved     version: '2.15.0',
37 silly install resolved     homepage: 'http://www.browsersync.io/',
37 silly install resolved     author: { name: 'Shane Osbourne' },
37 silly install resolved     repository:
37 silly install resolved      { type: 'git',
37 silly install resolved        url: 'git+https://github.com/browsersync/browser-sync.git' },
37 silly install resolved     license: 'Apache-2.0',
37 silly install resolved     bin: { 'browser-sync': 'bin/browser-sync.js' },
37 silly install resolved     files: [ 'bin', 'index.js', 'lib', 'lodash.custom.js' ],
37 silly install resolved     engines: { node: '>= 0.8.0' },
37 silly install resolved     scripts:
37 silly install resolved      { env: 'node ./test/env.js',
37 silly install resolved        test: 'npm run lint && npm run env && npm run unit',
37 silly install resolved        lint: 'eslint index.js lib bin examples test/specs gulpfile.js',
37 silly install resolved        pro: 'protractor test/protractor/config.single.js',
37 silly install resolved        'pro-local': 'node test/protractor/setup.js',
37 silly install resolved        unit: 'mocha --recursive test/specs --timeout 10000',
37 silly install resolved        cover: 'npm run env && npm run cover-local && npm run coveralls',
37 silly install resolved        'cover-local': 'istanbul cover -x lodash.custom.js _mocha -- --timeout 10000 --recursive ./test/specs',
37 silly install resolved        coveralls: 'istanbul-coveralls',
37 silly install resolved        'pre-release': 'npm test && npm run pro-local && npm run pro',
37 silly install resolved        lodash: 'lodash include=isUndefined,isFunction,toArray,includes,union,each,isString,merge,isObject,set exports=node' },
37 silly install resolved     dependencies:
37 silly install resolved      { 'browser-sync-client': '^2.3.3',
37 silly install resolved        'browser-sync-ui': '0.6.0',
37 silly install resolved        'bs-recipes': '1.2.3',
37 silly install resolved        chokidar: '1.6.0',
37 silly install resolved        connect: '3.4.1',
37 silly install resolved        'dev-ip': '^1.0.1',
37 silly install resolved        'easy-extender': '2.3.2',
37 silly install resolved        'eazy-logger': '3.0.2',
37 silly install resolved        'emitter-steward': '^1.0.0',
37 silly install resolved        'fs-extra': '0.30.0',
37 silly install resolved        'http-proxy': '1.14.0',
37 silly install resolved        immutable: '3.8.1',
37 silly install resolved        localtunnel: '1.8.1',
37 silly install resolved        micromatch: '2.3.11',
37 silly install resolved        opn: '4.0.2',
37 silly install resolved        portscanner: '^1.0.0',
37 silly install resolved        qs: '6.2.1',
37 silly install resolved        'resp-modifier': '6.0.2',
37 silly install resolved        rx: '4.1.0',
37 silly install resolved        'serve-index': '1.8.0',
37 silly install resolved        'serve-static': '1.11.1',
37 silly install resolved        'server-destroy': '1.0.1',
37 silly install resolved        'socket.io': '1.4.8',
37 silly install resolved        'ua-parser-js': '0.7.10',
37 silly install resolved        yargs: '5.0.0' },
37 silly install resolved     devDependencies:
37 silly install resolved      { 'browser-sync-spa': '1.0.3',
37 silly install resolved        'bs-html-injector': '3.0.2',
37 silly install resolved        'bs-latency': '1.0.0',
37 silly install resolved        'bs-rewrite-rules': '1.0.0',
37 silly install resolved        'bs-snippet-injector': '2.0.1',
37 silly install resolved        chai: '3.5.0',
37 silly install resolved        chalk: '1.1.3',
37 silly install resolved        compression: '1.6.2',
37 silly install resolved        eslint: '3.4.0',
37 silly install resolved        'graceful-fs': '4.1.6',
37 silly install resolved        gulp: '3.9.1',
37 silly install resolved        'gulp-contribs': '0.0.3',
37 silly install resolved        'gulp-conventional-changelog': '1.1.0',
37 silly install resolved        'gulp-filter': '4.0.0',
37 silly install resolved        istanbul: '0.4.5',
37 silly install resolved        'istanbul-coveralls': '1.0.3',
37 silly install resolved        'lodash-cli': '4.15.0',
37 silly install resolved        mocha: '3.0.2',
37 silly install resolved        q: '1.4.1',
37 silly install resolved        request: '2.74.0',
37 silly install resolved        rimraf: '2.5.4',
37 silly install resolved        sinon: '1.17.5',
37 silly install resolved        'socket.io-client': '1.4.8',
37 silly install resolved        supertest: '2.0.0',
37 silly install resolved        vinyl: '1.2.0' },
37 silly install resolved     keywords: [ 'browser sync', 'css', 'live reload', 'sync' ],
37 silly install resolved     gitHead: '24d72752609f7b1660c9e362af1cb8b2722548e5',
37 silly install resolved     bugs: { url: 'https://github.com/browsersync/browser-sync/issues' },
37 silly install resolved     _id: 'browser-sync@2.15.0',
37 silly install resolved     _shasum: '424758e90630d3af282bb05c45e529489439cedf',
37 silly install resolved     _from: 'browser-sync@latest',
37 silly install resolved     _npmVersion: '2.15.8',
37 silly install resolved     _nodeVersion: '4.4.7',
37 silly install resolved     _npmUser: { name: 'shakyshane', email: 'shakyshane@gmail.com' },
37 silly install resolved     dist:
37 silly install resolved      { shasum: '424758e90630d3af282bb05c45e529489439cedf',
37 silly install resolved        tarball: 'https://registry.npmjs.org/browser-sync/-/browser-sync-2.15.0.tgz' },
37 silly install resolved     maintainers: [ [Object] ],
37 silly install resolved     _npmOperationalInternal:
37 silly install resolved      { host: 'packages-16-east.internal.npmjs.com',
37 silly install resolved        tmp: 'tmp/browser-sync-2.15.0.tgz_1473103053573_0.39728953992016613' },
37 silly install resolved     directories: {},
37 silly install resolved     _resolved: 'https://registry.npmjs.org/browser-sync/-/browser-sync-2.15.0.tgz',
37 silly install resolved     readme: 'ERROR: No README data found!' } ]
38 info install browser-sync@2.15.0 into /usr/lib
39 info installOne browser-sync@2.15.0
40 verbose installOne of browser-sync to /usr/lib not in flight; installing
41 verbose correctMkdir /home/chhaya/.npm/_locks correctMkdir not in flight; initializing
42 verbose lock using /home/chhaya/.npm/_locks/browser-sync-69d4a3d208cd60c3.lock for /usr/lib/node_modules/browser-sync
43 silly install write writing browser-sync 2.15.0 to /usr/lib/node_modules/browser-sync
44 verbose unbuild lib/node_modules/browser-sync
45 silly gentlyRm /usr/lib/node_modules/browser-sync is being purged from base /usr
46 verbose gentlyRm don't care about contents; nuking /usr/lib/node_modules/browser-sync
47 verbose tar unpack /home/chhaya/.npm/browser-sync/2.15.0/package.tgz
48 verbose tar unpacking to /usr/lib/node_modules/browser-sync
49 silly gentlyRm /usr/lib/node_modules/browser-sync is being purged
50 verbose gentlyRm don't care about contents; nuking /usr/lib/node_modules/browser-sync
51 silly gunzTarPerm modes [ '775', '664' ]
52 error tar.unpack untar error /home/chhaya/.npm/browser-sync/2.15.0/package.tgz
53 verbose unlock done using /home/chhaya/.npm/_locks/browser-sync-69d4a3d208cd60c3.lock for /usr/lib/node_modules/browser-sync
54 verbose fstream_path /usr/lib/node_modules/browser-sync
55 verbose fstream_type Directory
56 verbose fstream_class DirWriter
57 verbose stack Error: EACCES: permission denied, mkdir '/usr/lib/node_modules/browser-sync'
57 verbose stack     at Error (native)
58 verbose fstream_stack /usr/lib/node_modules/npm/node_modules/fstream/lib/dir-writer.js:35:25
58 verbose fstream_stack /usr/lib/node_modules/npm/node_modules/mkdirp/index.js:47:53
58 verbose fstream_stack FSReqWrap.oncomplete (fs.js:82:15)
59 verbose cwd /home/chhaya/Documents/MEAN stack/Nodejs/Frontend/Angularjs/Day4/blogSinglePage
60 error Linux 4.2.0-42-generic
61 error argv "/usr/bin/nodejs" "/usr/bin/npm" "install" "-g" "browser-sync"
62 error node v4.5.0
63 error npm  v2.15.9
64 error path /usr/lib/node_modules/browser-sync
65 error code EACCES
66 error errno -13
67 error syscall mkdir
68 error Error: EACCES: permission denied, mkdir '/usr/lib/node_modules/browser-sync'
68 error     at Error (native)
68 error  { [Error: EACCES: permission denied, mkdir '/usr/lib/node_modules/browser-sync']
68 error   errno: -13,
68 error   code: 'EACCES',
68 error   syscall: 'mkdir',
68 error   path: '/usr/lib/node_modules/browser-sync',
68 error   fstream_type: 'Directory',
68 error   fstream_path: '/usr/lib/node_modules/browser-sync',
68 error   fstream_class: 'DirWriter',
68 error   fstream_stack:
68 error    [ '/usr/lib/node_modules/npm/node_modules/fstream/lib/dir-writer.js:35:25',
68 error      '/usr/lib/node_modules/npm/node_modules/mkdirp/index.js:47:53',
68 error      'FSReqWrap.oncomplete (fs.js:82:15)' ] }
69 error Please try running this command again as root/Administrator.
70 verbose exit [ -13, true ]
71 verbose unbuild lib/node_modules/browser-sync
72 silly gentlyRm /usr/lib/node_modules/browser-sync is being purged from base /usr
73 verbose gentlyRm don't care about contents; nuking /usr/lib/node_modules/browser-sync
